[main] INFO  Narasimha  - select from the following options:
[main] INFO  Narasimha  - For login into system as admin press 1 
[main] INFO  Narasimha  - for Manufacture press 2
[main] INFO  Narasimha  - For dealer press 3
[main] INFO  Narasimha  - select from the following options:
[main] INFO  Narasimha  - For login into system as admin press 1 
[main] INFO  Narasimha  - for Manufacture press 2
[main] INFO  Narasimha  - For dealer press 3
[main] INFO  Narasimha  - select from the following options:
[main] INFO  Narasimha  - For login into system as admin press 1 
[main] INFO  Narasimha  - for Manufacture press 2
[main] INFO  Narasimha  - For dealer press 3
[main] INFO  Narasimha  - select from the following options:
[main] INFO  Narasimha  - For login into system as admin press 1 
[main] INFO  Narasimha  - for Manufacture press 2
[main] INFO  Narasimha  - For dealer press 3
[main] INFO  Narasimha  - select from the following options:
[main] INFO  Narasimha  - For login into system as admin press 1 
[main] INFO  Narasimha  - for Manufacture press 2
[main] INFO  Narasimha  - For dealer press 3
[main] INFO  Narasimha  - select from the following options:
[main] INFO  Narasimha  - For login into system as admin press 1 
[main] INFO  Narasimha  - for Manufacture press 2
[main] INFO  Narasimha  - For dealer press 3
[main] INFO  Narasimha  - select from the following options:
[main] INFO  Narasimha  - For login into system as admin press 1 
[main] INFO  Narasimha  - for Manufacture press 2
[main] INFO  Narasimha  - For dealer press 3
[main] INFO  Narasimha  - select from the following options:
[main] INFO  Narasimha  - For login into system as admin press 1 
[main] INFO  Narasimha  - for Manufacture press 2
[main] INFO  Narasimha  - For dealer press 3
[main] INFO  Narasimha  - select from the following options:
[main] INFO  Narasimha  - For login into system as admin press 1 
[main] INFO  Narasimha  - for Manufacture press 2
[main] INFO  Narasimha  - For dealer press 3
[main] INFO  Narasimha  - select from the following options:
[main] INFO  Narasimha  - For login into system as admin press 1 
[main] INFO  Narasimha  - for Manufacture press 2
[main] INFO  Narasimha  - For dealer press 3
[main] INFO  Narasimha  - select from the following options:
[main] INFO  Narasimha  - For login into system as admin press 1 
[main] INFO  Narasimha  - for Manufacture press 2
[main] INFO  Narasimha  - For dealer press 3
[main] INFO  Narasimha  - select from the following options:
[main] INFO  Narasimha  - For login into system as admin press 1 
[main] INFO  Narasimha  - for Manufacture press 2
[main] INFO  Narasimha  - For dealer press 3
[main] INFO  Narasimha  - select from the following options:
[main] INFO  Narasimha  - For login into system as admin press 1 
[main] INFO  Narasimha  - for Manufacture press 2
[main] INFO  Narasimha  - For dealer press 3
[main] INFO  Narasimha  - select from the following options:
[main] INFO  Narasimha  - For login into system as admin press 1 
[main] INFO  Narasimha  - for Manufacture press 2
[main] INFO  Narasimha  - For dealer press 3
[main] INFO  Narasimha  - select from the following options:
[main] INFO  Narasimha  - For login into system as admin press 1 
[main] INFO  Narasimha  - for Manufacture press 2
[main] INFO  Narasimha  - For dealer press 3
[main] INFO  Narasimha  - select from the following options:
[main] INFO  Narasimha  - For login into system as admin press 1 
[main] INFO  Narasimha  - for Manufacture press 2
[main] INFO  Narasimha  - For dealer press 3
[main] INFO  Narasimha  - select from the following options:
[main] INFO  Narasimha  - For login into system as admin press 1 
[main] INFO  Narasimha  - for Manufacture press 2
[main] INFO  Narasimha  - For Dealer press 3
[main] INFO  Narasimha  -  sorry invalid credentials! give correct option for login
[main] INFO  Narasimha  - select from the following options:
[main] INFO  Narasimha  - For login into system as admin press 1 
[main] INFO  Narasimha  - for Manufacture press 2
[main] INFO  Narasimha  - For Dealer press 3
[main] INFO  Narasimha  - select from the following options:
[main] INFO  Narasimha  - For login into system as admin press 1 
[main] INFO  Narasimha  - for Manufacture press 2
[main] INFO  Narasimha  - For Dealer press 3
[main] INFO  Narasimha  - select from the following options:
[main] INFO  Narasimha  - For login into system as admin press 1 
[main] INFO  Narasimha  - for Manufacture press 2
[main] INFO  Narasimha  - For Dealer press 3
[main] INFO  Narasimha  - select from the following options:
[main] INFO  Narasimha  - For login into system as admin press 1 
[main] INFO  Narasimha  - for Manufacture press 2
[main] INFO  Narasimha  - For Dealer press 3
[main] INFO  Narasimha  - select from the following options:
[main] INFO  Narasimha  - For login into system as admin press 1 
[main] INFO  Narasimha  - for Manufacture press 2
[main] INFO  Narasimha  - For Dealer press 3
[main] INFO  Narasimha  - select from the following options:
[main] INFO  Narasimha  - For login into system as admin press 1 
[main] INFO  Narasimha  - for Manufacture press 2
[main] INFO  Narasimha  - For Dealer press 3
[main] INFO  Narasimha  - select from the following options:
[main] INFO  Narasimha  - For login into system as admin press 1 
[main] INFO  Narasimha  - for Manufacture press 2
[main] INFO  Narasimha  - For Dealer press 3
5p Narasimha  - select from the following options:
5p Narasimha  - For login into system as admin press 1 
5p Narasimha  - for Manufacture press 2
5p Narasimha  - For Dealer press 3
 - select from the following options:
 - For login into system as admin press 1 
 - for Manufacture press 2
 - For Dealer press 3
 - select from the following options:
 - select from the following options:
 - For login into system as admin press 1 
 - For login into system as admin press 1 
 - for Manufacture press 2
 - for Manufacture press 2
 - For Dealer press 3
 - For Dealer press 3
 - select from the following options:
 - For login into system as admin press 1 
 - for Manufacture press 2
 - For Dealer press 3
 - select from the following options:
 - For login into system as admin press 1 
 - for Manufacture press 2
 - For Dealer press 3
 - select from the following options:
 - For login into system as admin press 1 
 - for Manufacture press 2
 - For Dealer press 3
 - select from the following options:
 - For login into system as admin press 1 
 - for Manufacture press 2
 - For Dealer press 3
 - select from the following options:
 - For login into system as admin press 1 
 - for Manufacture press 2
 - For Dealer press 3
 - select from the following options:
 - For login into system as admin press 1 
 - for Manufacture press 2
 - For Dealer press 3
 - select from the following options:
 - For login into system as admin press 1 
 - for Manufacture press 2
 - For Dealer press 3
 - select from the following options:
 - For login into system as admin press 1 
 - for Manufacture press 2
 - For Dealer press 3
 - select from the following options:
 - For login into system as admin press 1 
 - for Manufacture press 2
 - For Dealer press 3
 - select from the following options:
 - For login into system as admin press 1 
 - for Manufacture press 2
 - For Dealer press 3
 - select from the following options:
 - For login into system as admin press 1 
 - for Manufacture press 2
 - For Dealer press 3
 - select from the following options:
 - For login into system as admin press 1 
 - for Manufacture press 2
 - For Dealer press 3
 - select from the following options:
 - For login into system as admin press 1 
 - for Manufacture press 2
 - For Dealer press 3
 - select from the following options:
 - For login into system as admin press 1 
 - for Manufacture press 2
 - For Dealer press 3
 - select from the following options:
 - For login into system as admin press 1 
 - for Manufacture press 2
 - For Dealer press 3
 - select from the following options:
 - For login into system as admin press 1 
 - for Manufacture press 2
 - For Dealer press 3
 - select from the following options:
 - For login into system as admin press 1 
 - for Manufacture press 2
 - For Dealer press 3
 - select from the following options:
 - For login into system as admin press 1 
 - for Manufacture press 2
 - For Dealer press 3
 - select from the following options:
 - For login into system as admin press 1 
 - for Manufacture press 2
 - For Dealer press 3
 - select from the following options:
 - For login into system as admin press 1 
 - for Manufacture press 2
 - For Dealer press 3
 - select from the following options:
 - For login into system as admin press 1 
 - for Manufacture press 2
 - For Dealer press 3
 - select from the following options:
 - For login into system as admin press 1 
 - for Manufacture press 2
 - For Dealer press 3
 - select from the following options:
 - For login into system as admin press 1 
 - for Manufacture press 2
 - For Dealer press 3
 - select from the following options:
 - For login into system as admin press 1 
 - for Manufacture press 2
 - For Dealer press 3
 - select from the following options:
 - For login into system as admin press 1 
 - for Manufacture press 2
 - For Dealer press 3
